{
  "stats": {
    "suites": 1,
    "tests": 2,
    "passes": 2,
    "pending": 0,
    "failures": 0,
    "start": "2023-07-09T23:47:29.654Z",
    "end": "2023-07-09T23:47:31.092Z",
    "duration": 1438,
    "testsRegistered": 2,
    "passPercent": 100,
    "pendingPercent": 0,
    "other": 0,
    "hasOther": false,
    "skipped": 0,
    "hasSkipped": false
  },
  "results": [
    {
      "uuid": "b6fa484e-d313-486b-abc3-3ef2fa626f37",
      "title": "",
      "fullFile": "E:\\Quality Assurance\\myskill-qa\\test\\api\\chaiAssert.js",
      "file": "\\test\\api\\chaiAssert.js",
      "beforeHooks": [],
      "afterHooks": [],
      "tests": [],
      "suites": [
        {
          "uuid": "7571da5a-7c52-486f-9d65-184a963c7afc",
          "title": "Post Request Example",
          "fullFile": "E:\\Quality Assurance\\myskill-qa\\test\\api\\chaiAssert.js",
          "file": "\\test\\api\\chaiAssert.js",
          "beforeHooks": [],
          "afterHooks": [],
          "tests": [
            {
              "title": "Response status equal to 200",
              "fullTitle": "Post Request Example Response status equal to 200",
              "timedOut": false,
              "duration": 1429,
              "state": "passed",
              "speed": "slow",
              "pass": true,
              "fail": false,
              "pending": false,
              "context": null,
              "code": "// Check response status harus sama dengan 200\nexpect((await response).status).to.equal(200);",
              "err": {},
              "uuid": "7cb52afe-ee21-4dad-9a5c-43cdf99fbe86",
              "parentUUID": "7571da5a-7c52-486f-9d65-184a963c7afc",
              "isHook": false,
              "skipped": false
            },
            {
              "title": "Response body to haveOwnProperty",
              "fullTitle": "Post Request Example Response body to haveOwnProperty",
              "timedOut": false,
              "duration": 1,
              "state": "passed",
              "speed": "fast",
              "pass": true,
              "fail": false,
              "pending": false,
              "context": null,
              "code": "// Expect dalam body response terdapat value 'message'\nexpect((await response).body).to.haveOwnProperty(`message`);",
              "err": {},
              "uuid": "483fb910-5365-46e6-a3c5-0e9c006089ae",
              "parentUUID": "7571da5a-7c52-486f-9d65-184a963c7afc",
              "isHook": false,
              "skipped": false
            }
          ],
          "suites": [],
          "passes": [
            "7cb52afe-ee21-4dad-9a5c-43cdf99fbe86",
            "483fb910-5365-46e6-a3c5-0e9c006089ae"
          ],
          "failures": [],
          "pending": [],
          "skipped": [],
          "duration": 1430,
          "root": false,
          "rootEmpty": false,
          "_timeout": 10000
        }
      ],
      "passes": [],
      "failures": [],
      "pending": [],
      "skipped": [],
      "duration": 0,
      "root": true,
      "rootEmpty": true,
      "_timeout": 10000
    }
  ],
  "meta": {
    "mocha": {
      "version": "10.2.0"
    },
    "mochawesome": {
      "options": {
        "quiet": false,
        "reportFilename": "mochawesome",
        "saveHtml": true,
        "saveJson": true,
        "consoleReporter": "spec",
        "useInlineDiffs": false,
        "code": true
      },
      "version": "7.1.3"
    },
    "marge": {
      "options": null,
      "version": "6.2.0"
    }
  }
}